<?xml version="1.0" encoding="UTF-8"?>
<!-- Generated by org.testng.reporters.JUnitReportReporter -->
<testsuite hostname="DESKTOP-TKJE3OB" failures="0" tests="1" name="com.qa.fb.tests.Login_Test" time="14.565" errors="0" timestamp="2023-02-25T20:05:35 IST" skipped="0">
  <testcase classname="com.qa.fb.tests.Login_Test" name="login_Test" time="14.565"/>
  <system-out/>
</testsuite> <!-- com.qa.fb.tests.Login_Test -->
